C:\Program Files (x86)\Microsoft Visual Studio\2019\Enterprise\MSBuild\Microsoft\VC\v160\Microsoft.CppBuild.targets(491,5): warning MSB8028: промежуточный каталог (x64\Debug\) содержит файлы, которые используются совместно с другим проектом (curseProject1.vcxproj).  Это может привести к ошибкам очистки и перестроения.
  Bytes.cpp
D:\PHub\pcapplusplus-20.08-windows-vs2019\header\TLVData.h(35,25): warning C4200: нестандартное расширение: массив нулевого размера в структуре (объединении)
D:\PHub\pcapplusplus-20.08-windows-vs2019\header\TLVData.h(35,25): message : Этот член будет пропущен конструктором, установленным по умолчанию, или оператором назначения копии или перемещения
D:\PHub\pcapplusplus-20.08-windows-vs2019\header\SSLHandshake.h(157,27): warning C4200: нестандартное расширение: массив нулевого размера в структуре (объединении)
D:\PHub\pcapplusplus-20.08-windows-vs2019\header\SSLHandshake.h(157,27): message : Этот член будет пропущен конструктором, установленным по умолчанию, или оператором назначения копии или перемещения
D:\PHub\pcapplusplus-20.08-windows-vs2019\ProtocolHub\Bytes.cpp(60,86): error C2664: "std::string charToAscii(char)": невозможно преобразовать аргумент 1 из "_Ty" в "char"
          with
          [
              _Ty=std::string
          ]
D:\PHub\pcapplusplus-20.08-windows-vs2019\ProtocolHub\Bytes.cpp(60,85): message : Для выполнения данного преобразования нет доступного оператора преобразования, определенного пользователем, или вызов оператора невозможен
D:\PHub\pcapplusplus-20.08-windows-vs2019\ProtocolHub\outFunc.h(36,13): message : см. объявление "charToAscii"
D:\PHub\pcapplusplus-20.08-windows-vs2019\ProtocolHub\Bytes.cpp(70,86): error C2664: "std::string charToAscii(char)": невозможно преобразовать аргумент 1 из "_Ty" в "char"
          with
          [
              _Ty=std::string
          ]
D:\PHub\pcapplusplus-20.08-windows-vs2019\ProtocolHub\Bytes.cpp(70,85): message : Для выполнения данного преобразования нет доступного оператора преобразования, определенного пользователем, или вызов оператора невозможен
D:\PHub\pcapplusplus-20.08-windows-vs2019\ProtocolHub\outFunc.h(36,13): message : см. объявление "charToAscii"
D:\PHub\pcapplusplus-20.08-windows-vs2019\ProtocolHub\Bytes.cpp(80,86): error C2664: "std::string charToAscii(char)": невозможно преобразовать аргумент 1 из "_Ty" в "char"
          with
          [
              _Ty=std::string
          ]
D:\PHub\pcapplusplus-20.08-windows-vs2019\ProtocolHub\Bytes.cpp(80,85): message : Для выполнения данного преобразования нет доступного оператора преобразования, определенного пользователем, или вызов оператора невозможен
D:\PHub\pcapplusplus-20.08-windows-vs2019\ProtocolHub\outFunc.h(36,13): message : см. объявление "charToAscii"
D:\PHub\pcapplusplus-20.08-windows-vs2019\ProtocolHub\Bytes.cpp(90,86): error C2664: "std::string charToAscii(char)": невозможно преобразовать аргумент 1 из "_Ty" в "char"
          with
          [
              _Ty=std::string
          ]
D:\PHub\pcapplusplus-20.08-windows-vs2019\ProtocolHub\Bytes.cpp(90,85): message : Для выполнения данного преобразования нет доступного оператора преобразования, определенного пользователем, или вызов оператора невозможен
D:\PHub\pcapplusplus-20.08-windows-vs2019\ProtocolHub\outFunc.h(36,13): message : см. объявление "charToAscii"
D:\PHub\pcapplusplus-20.08-windows-vs2019\ProtocolHub\Bytes.cpp(104,86): error C2664: "std::string charToAscii(char)": невозможно преобразовать аргумент 1 из "_Ty" в "char"
          with
          [
              _Ty=std::string
          ]
D:\PHub\pcapplusplus-20.08-windows-vs2019\ProtocolHub\Bytes.cpp(104,85): message : Для выполнения данного преобразования нет доступного оператора преобразования, определенного пользователем, или вызов оператора невозможен
D:\PHub\pcapplusplus-20.08-windows-vs2019\ProtocolHub\outFunc.h(36,13): message : см. объявление "charToAscii"
D:\PHub\pcapplusplus-20.08-windows-vs2019\ProtocolHub\Bytes.cpp(118,86): error C2664: "std::string charToAscii(char)": невозможно преобразовать аргумент 1 из "_Ty" в "char"
          with
          [
              _Ty=std::string
          ]
D:\PHub\pcapplusplus-20.08-windows-vs2019\ProtocolHub\Bytes.cpp(118,85): message : Для выполнения данного преобразования нет доступного оператора преобразования, определенного пользователем, или вызов оператора невозможен
D:\PHub\pcapplusplus-20.08-windows-vs2019\ProtocolHub\outFunc.h(36,13): message : см. объявление "charToAscii"
D:\PHub\pcapplusplus-20.08-windows-vs2019\ProtocolHub\Bytes.cpp(132,86): error C2664: "std::string charToAscii(char)": невозможно преобразовать аргумент 1 из "_Ty" в "char"
          with
          [
              _Ty=std::string
          ]
D:\PHub\pcapplusplus-20.08-windows-vs2019\ProtocolHub\Bytes.cpp(132,85): message : Для выполнения данного преобразования нет доступного оператора преобразования, определенного пользователем, или вызов оператора невозможен
D:\PHub\pcapplusplus-20.08-windows-vs2019\ProtocolHub\outFunc.h(36,13): message : см. объявление "charToAscii"
D:\PHub\pcapplusplus-20.08-windows-vs2019\ProtocolHub\Bytes.cpp(146,86): error C2664: "std::string charToAscii(char)": невозможно преобразовать аргумент 1 из "_Ty" в "char"
          with
          [
              _Ty=std::string
          ]
D:\PHub\pcapplusplus-20.08-windows-vs2019\ProtocolHub\Bytes.cpp(146,85): message : Для выполнения данного преобразования нет доступного оператора преобразования, определенного пользователем, или вызов оператора невозможен
D:\PHub\pcapplusplus-20.08-windows-vs2019\ProtocolHub\outFunc.h(36,13): message : см. объявление "charToAscii"
D:\PHub\pcapplusplus-20.08-windows-vs2019\ProtocolHub\Bytes.cpp(207,38): warning C4267: =: преобразование из "size_t" в "int"; возможна потеря данных
D:\PHub\pcapplusplus-20.08-windows-vs2019\ProtocolHub\Bytes.cpp(221,38): warning C4267: =: преобразование из "size_t" в "int"; возможна потеря данных
D:\PHub\pcapplusplus-20.08-windows-vs2019\ProtocolHub\Bytes.cpp(249,38): warning C4267: =: преобразование из "size_t" в "int"; возможна потеря данных
D:\PHub\pcapplusplus-20.08-windows-vs2019\ProtocolHub\Bytes.cpp(277,38): warning C4267: =: преобразование из "size_t" в "int"; возможна потеря данных
D:\PHub\pcapplusplus-20.08-windows-vs2019\ProtocolHub\Bytes.cpp(318,82): warning C4267: инициализация: преобразование из "size_t" в "int"; возможна потеря данных
D:\PHub\pcapplusplus-20.08-windows-vs2019\ProtocolHub\Bytes.cpp(330,27): warning C4267: =: преобразование из "size_t" в "int"; возможна потеря данных
D:\PHub\pcapplusplus-20.08-windows-vs2019\ProtocolHub\Bytes.cpp(334,29): warning C4267: =: преобразование из "size_t" в "int"; возможна потеря данных
D:\PHub\pcapplusplus-20.08-windows-vs2019\ProtocolHub\Bytes.cpp(337,16): warning C4267: аргумент: преобразование из "size_t" в "int"; возможна потеря данных
D:\PHub\pcapplusplus-20.08-windows-vs2019\ProtocolHub\Bytes.cpp(340,20): warning C4267: аргумент: преобразование из "size_t" в "int"; возможна потеря данных
D:\PHub\pcapplusplus-20.08-windows-vs2019\ProtocolHub\Bytes.cpp(401,35): warning C4267: =: преобразование из "size_t" в "int"; возможна потеря данных
D:\PHub\pcapplusplus-20.08-windows-vs2019\ProtocolHub\Bytes.cpp(401,58): warning C4267: =: преобразование из "size_t" в "int"; возможна потеря данных
D:\PHub\pcapplusplus-20.08-windows-vs2019\ProtocolHub\Bytes.cpp(413,32): warning C4267: =: преобразование из "size_t" в "int"; возможна потеря данных
D:\PHub\pcapplusplus-20.08-windows-vs2019\ProtocolHub\Bytes.cpp(417,34): warning C4267: =: преобразование из "size_t" в "int"; возможна потеря данных
D:\PHub\pcapplusplus-20.08-windows-vs2019\ProtocolHub\Bytes.cpp(420,20): warning C4267: аргумент: преобразование из "size_t" в "int"; возможна потеря данных
D:\PHub\pcapplusplus-20.08-windows-vs2019\ProtocolHub\Bytes.cpp(423,24): warning C4267: аргумент: преобразование из "size_t" в "int"; возможна потеря данных
D:\PHub\pcapplusplus-20.08-windows-vs2019\ProtocolHub\Bytes.cpp(430,35): warning C4267: =: преобразование из "size_t" в "int"; возможна потеря данных
D:\PHub\pcapplusplus-20.08-windows-vs2019\ProtocolHub\Bytes.cpp(430,58): warning C4267: =: преобразование из "size_t" в "int"; возможна потеря данных
D:\PHub\pcapplusplus-20.08-windows-vs2019\ProtocolHub\Bytes.cpp(440,32): warning C4267: =: преобразование из "size_t" в "int"; возможна потеря данных
D:\PHub\pcapplusplus-20.08-windows-vs2019\ProtocolHub\Bytes.cpp(444,34): warning C4267: =: преобразование из "size_t" в "int"; возможна потеря данных
D:\PHub\pcapplusplus-20.08-windows-vs2019\ProtocolHub\Bytes.cpp(447,20): warning C4267: аргумент: преобразование из "size_t" в "int"; возможна потеря данных
D:\PHub\pcapplusplus-20.08-windows-vs2019\ProtocolHub\Bytes.cpp(450,24): warning C4267: аргумент: преобразование из "size_t" в "int"; возможна потеря данных
D:\PHub\pcapplusplus-20.08-windows-vs2019\ProtocolHub\Bytes.cpp(457,35): warning C4267: =: преобразование из "size_t" в "int"; возможна потеря данных
D:\PHub\pcapplusplus-20.08-windows-vs2019\ProtocolHub\Bytes.cpp(457,58): warning C4267: =: преобразование из "size_t" в "int"; возможна потеря данных
D:\PHub\pcapplusplus-20.08-windows-vs2019\ProtocolHub\Bytes.cpp(467,32): warning C4267: =: преобразование из "size_t" в "int"; возможна потеря данных
D:\PHub\pcapplusplus-20.08-windows-vs2019\ProtocolHub\Bytes.cpp(471,34): warning C4267: =: преобразование из "size_t" в "int"; возможна потеря данных
D:\PHub\pcapplusplus-20.08-windows-vs2019\ProtocolHub\Bytes.cpp(474,20): warning C4267: аргумент: преобразование из "size_t" в "int"; возможна потеря данных
D:\PHub\pcapplusplus-20.08-windows-vs2019\ProtocolHub\Bytes.cpp(477,24): warning C4267: аргумент: преобразование из "size_t" в "int"; возможна потеря данных
D:\PHub\pcapplusplus-20.08-windows-vs2019\ProtocolHub\Bytes.cpp(484,35): warning C4267: =: преобразование из "size_t" в "int"; возможна потеря данных
D:\PHub\pcapplusplus-20.08-windows-vs2019\ProtocolHub\Bytes.cpp(484,58): warning C4267: =: преобразование из "size_t" в "int"; возможна потеря данных
D:\PHub\pcapplusplus-20.08-windows-vs2019\ProtocolHub\Bytes.cpp(494,32): warning C4267: =: преобразование из "size_t" в "int"; возможна потеря данных
D:\PHub\pcapplusplus-20.08-windows-vs2019\ProtocolHub\Bytes.cpp(498,34): warning C4267: =: преобразование из "size_t" в "int"; возможна потеря данных
D:\PHub\pcapplusplus-20.08-windows-vs2019\ProtocolHub\Bytes.cpp(501,20): warning C4267: аргумент: преобразование из "size_t" в "int"; возможна потеря данных
D:\PHub\pcapplusplus-20.08-windows-vs2019\ProtocolHub\Bytes.cpp(504,24): warning C4267: аргумент: преобразование из "size_t" в "int"; возможна потеря данных
  ConvertFunc.cpp
  filterButtons.cpp
  Filters.cpp
D:\PHub\pcapplusplus-20.08-windows-vs2019\ProtocolHub\Filters.cpp(12,12): warning C4267: аргумент: преобразование из "size_t" в "int"; возможна потеря данных
D:\PHub\pcapplusplus-20.08-windows-vs2019\ProtocolHub\Filters.cpp(36,58): warning C4267: аргумент: преобразование из "size_t" в "int"; возможна потеря данных
D:\PHub\pcapplusplus-20.08-windows-vs2019\ProtocolHub\Filters.cpp(52,56): warning C4267: аргумент: преобразование из "size_t" в "int"; возможна потеря данных
D:\PHub\pcapplusplus-20.08-windows-vs2019\ProtocolHub\Filters.cpp(73,49): warning C4267: аргумент: преобразование из "size_t" в "int"; возможна потеря данных
D:\PHub\pcapplusplus-20.08-windows-vs2019\ProtocolHub\Filters.cpp(90,48): warning C4267: аргумент: преобразование из "size_t" в "int"; возможна потеря данных
D:\PHub\pcapplusplus-20.08-windows-vs2019\ProtocolHub\Filters.cpp(103,49): warning C4267: аргумент: преобразование из "size_t" в "int"; возможна потеря данных
  findFunc.cpp
D:\PHub\pcapplusplus-20.08-windows-vs2019\header\TLVData.h(35,25): warning C4200: нестандартное расширение: массив нулевого размера в структуре (объединении)
D:\PHub\pcapplusplus-20.08-windows-vs2019\header\TLVData.h(35,25): message : Этот член будет пропущен конструктором, установленным по умолчанию, или оператором назначения копии или перемещения
D:\PHub\pcapplusplus-20.08-windows-vs2019\header\SSLHandshake.h(157,27): warning C4200: нестандартное расширение: массив нулевого размера в структуре (объединении)
D:\PHub\pcapplusplus-20.08-windows-vs2019\header\SSLHandshake.h(157,27): message : Этот член будет пропущен конструктором, установленным по умолчанию, или оператором назначения копии или перемещения
D:\PHub\pcapplusplus-20.08-windows-vs2019\ProtocolHub\findFunc.cpp(32,39): error C2039: "find": не является членом "std::vector<std::string,std::allocator<_Ty>>".
          with
          [
              _Ty=std::string
          ]
D:\PHub\pcapplusplus-20.08-windows-vs2019\header\Packet.h(302): message : см. объявление "std::vector<std::string,std::allocator<_Ty>>"
          with
          [
              _Ty=std::string
          ]
D:\PHub\pcapplusplus-20.08-windows-vs2019\ProtocolHub\findFunc.cpp(53,14): warning C4267: return: преобразование из "size_t" в "int"; возможна потеря данных
  FirstForm.cpp
  Form1.cpp
  Form2.cpp
D:\PHub\pcapplusplus-20.08-windows-vs2019\header\TLVData.h(35,25): warning C4200: нестандартное расширение: массив нулевого размера в структуре (объединении)
D:\PHub\pcapplusplus-20.08-windows-vs2019\header\TLVData.h(35,25): message : Этот член будет пропущен конструктором, установленным по умолчанию, или оператором назначения копии или перемещения
D:\PHub\pcapplusplus-20.08-windows-vs2019\header\SSLHandshake.h(157,27): warning C4200: нестандартное расширение: массив нулевого размера в структуре (объединении)
D:\PHub\pcapplusplus-20.08-windows-vs2019\header\SSLHandshake.h(157,27): message : Этот член будет пропущен конструктором, установленным по умолчанию, или оператором назначения копии или перемещения
  MyForm.cpp
  outFunc.cpp
D:\PHub\pcapplusplus-20.08-windows-vs2019\header\TLVData.h(35,25): warning C4200: нестандартное расширение: массив нулевого размера в структуре (объединении)
D:\PHub\pcapplusplus-20.08-windows-vs2019\header\TLVData.h(35,25): message : Этот член будет пропущен конструктором, установленным по умолчанию, или оператором назначения копии или перемещения
D:\PHub\pcapplusplus-20.08-windows-vs2019\header\SSLHandshake.h(157,27): warning C4200: нестандартное расширение: массив нулевого размера в структуре (объединении)
D:\PHub\pcapplusplus-20.08-windows-vs2019\header\SSLHandshake.h(157,27): message : Этот член будет пропущен конструктором, установленным по умолчанию, или оператором назначения копии или перемещения
D:\PHub\pcapplusplus-20.08-windows-vs2019\ProtocolHub\outFunc.cpp(450,43): warning C4267: аргумент: преобразование из "size_t" в "int"; возможна потеря данных
  PacketHelper.cpp
D:\PHub\pcapplusplus-20.08-windows-vs2019\header\TLVData.h(35,25): warning C4200: нестандартное расширение: массив нулевого размера в структуре (объединении)
D:\PHub\pcapplusplus-20.08-windows-vs2019\header\TLVData.h(35,25): message : Этот член будет пропущен конструктором, установленным по умолчанию, или оператором назначения копии или перемещения
D:\PHub\pcapplusplus-20.08-windows-vs2019\header\SSLHandshake.h(157,27): warning C4200: нестандартное расширение: массив нулевого размера в структуре (объединении)
D:\PHub\pcapplusplus-20.08-windows-vs2019\header\SSLHandshake.h(157,27): message : Этот член будет пропущен конструктором, установленным по умолчанию, или оператором назначения копии или перемещения
D:\PHub\pcapplusplus-20.08-windows-vs2019\ProtocolHub\PacketHelper.cpp(248,80): warning C4311: приведение типов: усечение указателя из "uint8_t *" в "int"
D:\PHub\pcapplusplus-20.08-windows-vs2019\ProtocolHub\PacketHelper.cpp(248,80): warning C4302: приведение типов: усечение из "uint8_t *" к "int"
  Repository.cpp
  SecondForm.cpp
  Service.cpp
D:\PHub\pcapplusplus-20.08-windows-vs2019\header\TLVData.h(35,25): warning C4200: нестандартное расширение: массив нулевого размера в структуре (объединении)
D:\PHub\pcapplusplus-20.08-windows-vs2019\header\TLVData.h(35,25): message : Этот член будет пропущен конструктором, установленным по умолчанию, или оператором назначения копии или перемещения
D:\PHub\pcapplusplus-20.08-windows-vs2019\header\SSLHandshake.h(157,27): warning C4200: нестандартное расширение: массив нулевого размера в структуре (объединении)
D:\PHub\pcapplusplus-20.08-windows-vs2019\header\SSLHandshake.h(157,27): message : Этот член будет пропущен конструктором, установленным по умолчанию, или оператором назначения копии или перемещения
D:\PHub\pcapplusplus-20.08-windows-vs2019\ProtocolHub\Service.cpp(148,80): warning C4311: приведение типов: усечение указателя из "uint8_t *" в "int"
D:\PHub\pcapplusplus-20.08-windows-vs2019\ProtocolHub\Service.cpp(148,80): warning C4302: приведение типов: усечение из "uint8_t *" к "int"
D:\PHub\pcapplusplus-20.08-windows-vs2019\ProtocolHub\Service.cpp(149,85): warning C4311: приведение типов: усечение указателя из "uint8_t *" в "int"
D:\PHub\pcapplusplus-20.08-windows-vs2019\ProtocolHub\Service.cpp(149,85): warning C4302: приведение типов: усечение из "uint8_t *" к "int"
  SessionHelper.cpp
D:\PHub\pcapplusplus-20.08-windows-vs2019\header\TLVData.h(35,25): warning C4200: нестандартное расширение: массив нулевого размера в структуре (объединении)
D:\PHub\pcapplusplus-20.08-windows-vs2019\header\TLVData.h(35,25): message : Этот член будет пропущен конструктором, установленным по умолчанию, или оператором назначения копии или перемещения
D:\PHub\pcapplusplus-20.08-windows-vs2019\header\SSLHandshake.h(157,27): warning C4200: нестандартное расширение: массив нулевого размера в структуре (объединении)
D:\PHub\pcapplusplus-20.08-windows-vs2019\header\SSLHandshake.h(157,27): message : Этот член будет пропущен конструктором, установленным по умолчанию, или оператором назначения копии или перемещения
D:\PHub\pcapplusplus-20.08-windows-vs2019\ProtocolHub\SessionHelper.cpp(68,71): warning C4267: =: преобразование из "size_t" в "int"; возможна потеря данных
D:\PHub\pcapplusplus-20.08-windows-vs2019\ProtocolHub\SessionHelper.cpp(76,51): warning C4267: =: преобразование из "size_t" в "int"; возможна потеря данных
D:\PHub\pcapplusplus-20.08-windows-vs2019\ProtocolHub\SessionHelper.cpp(155,1): error C2556: std::string SessionHelper::getBytes(void): перегруженная функция отличается от "std::vector<std::string,std::allocator<_Ty>> SessionHelper::getBytes(void)" только возвращаемым типом
          with
          [
              _Ty=std::string
          ]
D:\PHub\pcapplusplus-20.08-windows-vs2019\ProtocolHub\SessionHelper.h(49): message : см. объявление "SessionHelper::getBytes"
D:\PHub\pcapplusplus-20.08-windows-vs2019\ProtocolHub\SessionHelper.cpp(154,28): error C2371: SessionHelper::getBytes: переопределение; различные базовые типы
D:\PHub\pcapplusplus-20.08-windows-vs2019\ProtocolHub\SessionHelper.h(49): message : см. объявление "SessionHelper::getBytes"
  Sessions.cpp
D:\PHub\pcapplusplus-20.08-windows-vs2019\header\TLVData.h(35,25): warning C4200: нестандартное расширение: массив нулевого размера в структуре (объединении)
D:\PHub\pcapplusplus-20.08-windows-vs2019\header\TLVData.h(35,25): message : Этот член будет пропущен конструктором, установленным по умолчанию, или оператором назначения копии или перемещения
D:\PHub\pcapplusplus-20.08-windows-vs2019\header\SSLHandshake.h(157,27): warning C4200: нестандартное расширение: массив нулевого размера в структуре (объединении)
D:\PHub\pcapplusplus-20.08-windows-vs2019\header\SSLHandshake.h(157,27): message : Этот член будет пропущен конструктором, установленным по умолчанию, или оператором назначения копии или перемещения
D:\PHub\pcapplusplus-20.08-windows-vs2019\ProtocolHub\Sessions.cpp(68,72): warning C4267: =: преобразование из "size_t" в "int"; возможна потеря данных
D:\PHub\pcapplusplus-20.08-windows-vs2019\ProtocolHub\Sessions.cpp(76,1): warning C4267: =: преобразование из "size_t" в "int"; возможна потеря данных
D:\PHub\pcapplusplus-20.08-windows-vs2019\ProtocolHub\Sessions.cpp(97,12): warning C4267: аргумент: преобразование из "size_t" в "int"; возможна потеря данных
D:\PHub\pcapplusplus-20.08-windows-vs2019\ProtocolHub\Sessions.cpp(144,94): error C2039: "length": не является членом "std::vector<std::string,std::allocator<_Ty>>".
          with
          [
              _Ty=std::string
          ]
D:\PHub\pcapplusplus-20.08-windows-vs2019\header\Packet.h(302): message : см. объявление "std::vector<std::string,std::allocator<_Ty>>"
          with
          [
              _Ty=std::string
          ]
D:\PHub\pcapplusplus-20.08-windows-vs2019\ProtocolHub\Sessions.cpp(155,89): error C2039: "length": не является членом "std::vector<std::string,std::allocator<_Ty>>".
          with
          [
              _Ty=std::string
          ]
D:\PHub\pcapplusplus-20.08-windows-vs2019\header\Packet.h(302): message : см. объявление "std::vector<std::string,std::allocator<_Ty>>"
          with
          [
              _Ty=std::string
          ]
D:\PHub\pcapplusplus-20.08-windows-vs2019\ProtocolHub\Sessions.cpp(167,105): error C2039: "length": не является членом "std::vector<std::string,std::allocator<_Ty>>".
          with
          [
              _Ty=std::string
          ]
D:\PHub\pcapplusplus-20.08-windows-vs2019\header\Packet.h(302): message : см. объявление "std::vector<std::string,std::allocator<_Ty>>"
          with
          [
              _Ty=std::string
          ]
D:\PHub\pcapplusplus-20.08-windows-vs2019\ProtocolHub\Sessions.cpp(182,89): error C2039: "length": не является членом "std::vector<std::string,std::allocator<_Ty>>".
          with
          [
              _Ty=std::string
          ]
D:\PHub\pcapplusplus-20.08-windows-vs2019\header\Packet.h(302): message : см. объявление "std::vector<std::string,std::allocator<_Ty>>"
          with
          [
              _Ty=std::string
          ]
D:\PHub\pcapplusplus-20.08-windows-vs2019\ProtocolHub\Sessions.cpp(193,81): error C2039: "length": не является членом "std::vector<std::string,std::allocator<_Ty>>".
          with
          [
              _Ty=std::string
          ]
D:\PHub\pcapplusplus-20.08-windows-vs2019\header\Packet.h(302): message : см. объявление "std::vector<std::string,std::allocator<_Ty>>"
          with
          [
              _Ty=std::string
          ]
D:\PHub\pcapplusplus-20.08-windows-vs2019\ProtocolHub\Sessions.cpp(205,97): error C2039: "length": не является членом "std::vector<std::string,std::allocator<_Ty>>".
          with
          [
              _Ty=std::string
          ]
D:\PHub\pcapplusplus-20.08-windows-vs2019\header\Packet.h(302): message : см. объявление "std::vector<std::string,std::allocator<_Ty>>"
          with
          [
              _Ty=std::string
          ]
  SortFunc.cpp
D:\PHub\pcapplusplus-20.08-windows-vs2019\header\TLVData.h(35,25): warning C4200: нестандартное расширение: массив нулевого размера в структуре (объединении)
D:\PHub\pcapplusplus-20.08-windows-vs2019\header\TLVData.h(35,25): message : Этот член будет пропущен конструктором, установленным по умолчанию, или оператором назначения копии или перемещения
D:\PHub\pcapplusplus-20.08-windows-vs2019\header\SSLHandshake.h(157,27): warning C4200: нестандартное расширение: массив нулевого размера в структуре (объединении)
D:\PHub\pcapplusplus-20.08-windows-vs2019\header\SSLHandshake.h(157,27): message : Этот член будет пропущен конструктором, установленным по умолчанию, или оператором назначения копии или перемещения
D:\PHub\pcapplusplus-20.08-windows-vs2019\ProtocolHub\SortFunc.cpp(11,13): warning C4267: инициализация: преобразование из "size_t" в "int"; возможна потеря данных
D:\PHub\pcapplusplus-20.08-windows-vs2019\ProtocolHub\SortFunc.cpp(32,13): warning C4267: инициализация: преобразование из "size_t" в "int"; возможна потеря данных
  ThirdForm1.cpp
  .NETFramework,Version=v4.7.2.AssemblyAttributes.cpp
  Создание кода...
D:\PHub\pcapplusplus-20.08-windows-vs2019\ProtocolHub\ConvertFunc.cpp(25): warning C4172: возвращение адреса локальной или временной переменной : os
