d:\phub\pcapplusplus-20.08-windows-vs2019\protocolhub\x64\debug\vc142.pdb
d:\phub\pcapplusplus-20.08-windows-vs2019\protocolhub\x64\debug\.netframework,version=v4.7.2.assemblyattributes.obj
d:\phub\pcapplusplus-20.08-windows-vs2019\protocolhub\x64\debug\thirdform1.obj
d:\phub\pcapplusplus-20.08-windows-vs2019\protocolhub\x64\debug\service.obj
d:\phub\pcapplusplus-20.08-windows-vs2019\protocolhub\x64\debug\secondform.obj
d:\phub\pcapplusplus-20.08-windows-vs2019\protocolhub\x64\debug\repository.obj
d:\phub\pcapplusplus-20.08-windows-vs2019\protocolhub\x64\debug\myform.obj
d:\phub\pcapplusplus-20.08-windows-vs2019\protocolhub\x64\debug\form2.obj
d:\phub\pcapplusplus-20.08-windows-vs2019\protocolhub\x64\debug\form1.obj
d:\phub\pcapplusplus-20.08-windows-vs2019\protocolhub\x64\debug\firstform.obj
d:\phub\pcapplusplus-20.08-windows-vs2019\protocolhub\x64\debug\convertfunc.obj
d:\phub\pcapplusplus-20.08-windows-vs2019\protocolhub\x64\debug\protocolhub.exe
d:\phub\pcapplusplus-20.08-windows-vs2019\protocolhub\x64\debug\protocolhub.pdb
d:\phub\pcapplusplus-20.08-windows-vs2019\protocolhub\x64\debug\curseproject1.firstform.resources
d:\phub\pcapplusplus-20.08-windows-vs2019\protocolhub\x64\debug\curseproject1.form1.resources
d:\phub\pcapplusplus-20.08-windows-vs2019\protocolhub\x64\debug\curseproject1.form2.resources
d:\phub\pcapplusplus-20.08-windows-vs2019\protocolhub\x64\debug\curseproject1.myform.resources
d:\phub\pcapplusplus-20.08-windows-vs2019\protocolhub\x64\debug\curseproject1.secondform.resources
d:\phub\pcapplusplus-20.08-windows-vs2019\protocolhub\x64\debug\curseproject1.thirdform1.resources
d:\phub\pcapplusplus-20.08-windows-vs2019\protocolhub\x64\debug\protocolhub.exe.metagen
d:\phub\pcapplusplus-20.08-windows-vs2019\protocolhub\x64\debug\protocolhub.tlog\cl.command.1.tlog
d:\phub\pcapplusplus-20.08-windows-vs2019\protocolhub\x64\debug\protocolhub.tlog\cl.read.1.tlog
d:\phub\pcapplusplus-20.08-windows-vs2019\protocolhub\x64\debug\protocolhub.tlog\cl.write.1.tlog
d:\phub\pcapplusplus-20.08-windows-vs2019\protocolhub\x64\debug\protocolhub.tlog\link.command.1.tlog
d:\phub\pcapplusplus-20.08-windows-vs2019\protocolhub\x64\debug\protocolhub.tlog\link.read.1.tlog
d:\phub\pcapplusplus-20.08-windows-vs2019\protocolhub\x64\debug\protocolhub.tlog\link.write.1.tlog
d:\phub\pcapplusplus-20.08-windows-vs2019\protocolhub\x64\debug\protocolhub.tlog\metagen.read.1.tlog
d:\phub\pcapplusplus-20.08-windows-vs2019\protocolhub\x64\debug\protocolhub.tlog\metagen.write.1.tlog
d:\phub\pcapplusplus-20.08-windows-vs2019\protocolhub\x64\debug\protocolhub.tlog\protocolhub.write.1u.tlog
