c:\users\vlad lailo\source\repos\project3\project3\debug\vc142.pdb
c:\users\vlad lailo\source\repos\project3\project3\debug\iputils.obj
c:\users\vlad lailo\source\repos\project3\project3\debug\ipseclayer.obj
c:\users\vlad lailo\source\repos\project3\project3\debug\ipreassembly.obj
c:\users\vlad lailo\source\repos\project3\project3\debug\ipaddress.obj
c:\users\vlad lailo\source\repos\project3\project3\debug\igmplayer.obj
c:\users\vlad lailo\source\repos\project3\project3\debug\icmplayer.obj
c:\users\vlad lailo\source\repos\project3\project3\debug\httplayer.obj
c:\users\vlad lailo\source\repos\project3\project3\debug\gtplayer.obj
c:\users\vlad lailo\source\repos\project3\project3\debug\grelayer.obj
c:\users\vlad lailo\source\repos\project3\project3\debug\generalutils.obj
c:\users\vlad lailo\source\repos\project3\project3\debug\ethlayer.obj
c:\users\vlad lailo\source\repos\project3\project3\debug\ethdot3layer.obj
c:\users\vlad lailo\source\repos\project3\project3\debug\dpdkdevicelist.obj
c:\users\vlad lailo\source\repos\project3\project3\debug\dpdkdevice.obj
c:\users\vlad lailo\source\repos\project3\project3\debug\dnsresourcedata.obj
c:\users\vlad lailo\source\repos\project3\project3\debug\dnsresource.obj
c:\users\vlad lailo\source\repos\project3\project3\debug\dhcplayer.obj
c:\users\vlad lailo\source\repos\project3\project3\debug\bgplayer.obj
c:\users\vlad lailo\source\repos\project3\project3\debug\arplayer.obj
c:\users\vlad lailo\source\repos\project3\project3\debug\pcapdevice.obj
c:\users\vlad lailo\source\repos\project3\project3\debug\payloadlayer.obj
c:\users\vlad lailo\source\repos\project3\project3\debug\packetutils.obj
c:\users\vlad lailo\source\repos\project3\project3\debug\packettrailerlayer.obj
c:\users\vlad lailo\source\repos\project3\project3\debug\packet.obj
c:\users\vlad lailo\source\repos\project3\project3\debug\nullloopbacklayer.obj
c:\users\vlad lailo\source\repos\project3\project3\debug\mplslayer.obj
c:\users\vlad lailo\source\repos\project3\project3\debug\mbufrawpacket.obj
c:\users\vlad lailo\source\repos\project3\project3\debug\macaddress.obj
c:\users\vlad lailo\source\repos\project3\project3\debug\logger.obj
c:\users\vlad lailo\source\repos\project3\project3\debug\linuxnicinformationsocket.obj
c:\users\vlad lailo\source\repos\project3\project3\debug\layer.obj
c:\users\vlad lailo\source\repos\project3\project3\debug\knidevicelist.obj
c:\users\vlad lailo\source\repos\project3\project3\debug\knidevice.obj
c:\users\vlad lailo\source\repos\project3\project3\debug\ipv6layer.obj
c:\users\vlad lailo\source\repos\project3\project3\debug\ipv6extensions.obj
c:\users\vlad lailo\source\repos\project3\project3\debug\ipv4layer.obj
c:\users\vlad lailo\source\repos\project3\project3\debug\systemutils.obj
c:\users\vlad lailo\source\repos\project3\project3\debug\ssllayer.obj
c:\users\vlad lailo\source\repos\project3\project3\debug\sslcommon.obj
c:\users\vlad lailo\source\repos\project3\project3\debug\sshlayer.obj
c:\users\vlad lailo\source\repos\project3\project3\debug\slllayer.obj
c:\users\vlad lailo\source\repos\project3\project3\debug\siplayer.obj
c:\users\vlad lailo\source\repos\project3\project3\debug\sdplayer.obj
c:\users\vlad lailo\source\repos\project3\project3\debug\rawsocketdevice.obj
c:\users\vlad lailo\source\repos\project3\project3\debug\rawpacket.obj
c:\users\vlad lailo\source\repos\project3\project3\debug\radiuslayer.obj
c:\users\vlad lailo\source\repos\project3\project3\debug\pppoelayer.obj
c:\users\vlad lailo\source\repos\project3\project3\debug\pfringdevicelist.obj
c:\users\vlad lailo\source\repos\project3\project3\debug\pfringdevice.obj
c:\users\vlad lailo\source\repos\project3\project3\debug\pcapplusplusversion.obj
c:\users\vlad lailo\source\repos\project3\project3\debug\pcaplivedevicelist.obj
c:\users\vlad lailo\source\repos\project3\project3\debug\pcapfilter.obj
c:\users\vlad lailo\source\repos\project3\project3\debug\.netframework,version=v4.7.2.assemblyattributes.obj
c:\users\vlad lailo\source\repos\project3\project3\debug\vxlanlayer.obj
c:\users\vlad lailo\source\repos\project3\project3\debug\vlanlayer.obj
c:\users\vlad lailo\source\repos\project3\project3\debug\udplayer.obj
c:\users\vlad lailo\source\repos\project3\project3\debug\tlvdata.obj
c:\users\vlad lailo\source\repos\project3\project3\debug\textbasedprotocol.obj
c:\users\vlad lailo\source\repos\project3\project3\debug\tcpreassembly.obj
c:\users\vlad lailo\source\repos\project3\project3\debug\tcplayer.obj
c:\users\vlad lailo\source\repos\project3\project3\debug\tableprinter.obj
c:\users\vlad lailo\source\repos\project3\project3\debug\project3.vcxprojassemblyreference.cache
c:\users\vlad lailo\source\repos\project3\project3\debug\curseproject1.tlog\cl.command.1.tlog
c:\users\vlad lailo\source\repos\project3\project3\debug\curseproject1.tlog\cl.read.1.tlog
c:\users\vlad lailo\source\repos\project3\project3\debug\curseproject1.tlog\cl.write.1.tlog
c:\users\vlad lailo\source\repos\project3\project3\debug\curseproject1.tlog\metagen.write.1.tlog
