c:\users\vlad lailo\source\repos\project3\project3\debug\vc142.pdb
c:\users\vlad lailo\source\repos\project3\project3\debug\.netframework,version=v4.7.2.assemblyattributes.obj
c:\users\vlad lailo\source\repos\project3\project3\debug\myform.obj
c:\users\vlad lailo\source\repos\project3\project3\debug\mainapplication.obj
c:\users\vlad lailo\source\repos\project3\project3\debug\functions.obj
c:\users\vlad lailo\source\repos\project3\project3\debug\pfringdevicelist.obj
c:\users\vlad lailo\source\repos\project3\project3\debug\pfringdevice.obj
c:\users\vlad lailo\source\repos\project3\project3\debug\mbufrawpacket.obj
c:\users\vlad lailo\source\repos\project3\project3\debug\linuxnicinformationsocket.obj
c:\users\vlad lailo\source\repos\project3\project3\debug\knidevicelist.obj
c:\users\vlad lailo\source\repos\project3\project3\debug\knidevice.obj
c:\users\vlad lailo\source\repos\project3\project3\debug\dpdkdevicelist.obj
c:\users\vlad lailo\source\repos\project3\project3\debug\dpdkdevice.obj
c:\users\vlad lailo\source\repos\project3\debug\project3.exe
c:\users\vlad lailo\source\repos\project3\debug\project3.pdb
c:\users\vlad lailo\source\repos\project3\project3\debug\project3.myform.resources
c:\users\vlad lailo\source\repos\project3\project3\debug\project3.tlog\cl.command.1.tlog
c:\users\vlad lailo\source\repos\project3\project3\debug\project3.tlog\cl.read.1.tlog
c:\users\vlad lailo\source\repos\project3\project3\debug\project3.tlog\cl.write.1.tlog
c:\users\vlad lailo\source\repos\project3\project3\debug\project3.tlog\link.command.1.tlog
c:\users\vlad lailo\source\repos\project3\project3\debug\project3.tlog\link.read.1.tlog
c:\users\vlad lailo\source\repos\project3\project3\debug\project3.tlog\link.write.1.tlog
c:\users\vlad lailo\source\repos\project3\project3\debug\project3.tlog\metagen.read.1.tlog
c:\users\vlad lailo\source\repos\project3\project3\debug\project3.tlog\metagen.write.1.tlog
c:\users\vlad lailo\source\repos\project3\project3\debug\project3.tlog\project3.write.1u.tlog
